[ 2015-12-27T15:15:04+08:00 ] 172.20.0.200 /index.php/Service/Public/login.html
INFO: [ app_init ] --START--
INFO: Run Behavior\BuildLiteBehavior [ RunTime:0.000010s ]
INFO: [ app_init ] --END-- [ RunTime:0.000204s ]
INFO: [ app_begin ] --START--
INFO: Run Behavior\ReadHtmlCacheBehavior [ RunTime:0.000244s ]
INFO: [ app_begin ] --END-- [ RunTime:0.000285s ]
INFO: [ view_parse ] --START--
INFO: [ template_filter ] --START--
INFO: Run Behavior\ContentReplaceBehavior [ RunTime:0.000061s ]
INFO: [ template_filter ] --END-- [ RunTime:0.000102s ]
INFO: Run Behavior\ParseTemplateBehavior [ RunTime:0.003668s ]
INFO: [ view_parse ] --END-- [ RunTime:0.003707s ]
INFO: [ view_filter ] --START--
INFO: Run Behavior\WriteHtmlCacheBehavior [ RunTime:0.000072s ]
INFO: [ view_filter ] --END-- [ RunTime:0.000108s ]
INFO: [ app_end ] --START--
INFO: Run Behavior\ShowPageTraceBehavior [ RunTime:0.000245s ]
INFO: [ app_end ] --END-- [ RunTime:0.000281s ]

[ 2015-12-27T15:15:06+08:00 ] 172.20.0.200 /index.php/Service/Public/checkLogin/
INFO: [ app_init ] --START--
INFO: Run Behavior\BuildLiteBehavior [ RunTime:0.000039s ]
INFO: [ app_init ] --END-- [ RunTime:0.000743s ]
INFO: [ app_begin ] --START--
INFO: Run Behavior\ReadHtmlCacheBehavior [ RunTime:0.000482s ]
INFO: [ app_begin ] --END-- [ RunTime:0.000578s ]
NOTIC: [2] setcookie() expects parameter 3 to be long, string given /home/wwwroot/Competence/Application/Service/Controller/PublicController.class.php 第 256 行.
INFO: [ app_end ] --START--
INFO: Run Behavior\ShowPageTraceBehavior [ RunTime:0.000243s ]
INFO: [ app_end ] --END-- [ RunTime:0.000283s ]

[ 2015-12-27T15:15:06+08:00 ] 172.20.0.200 /index.php/Service/Index/index
INFO: [ app_init ] --START--
INFO: Run Behavior\BuildLiteBehavior [ RunTime:0.000010s ]
INFO: [ app_init ] --END-- [ RunTime:0.000184s ]
INFO: [ app_begin ] --START--
INFO: Run Behavior\ReadHtmlCacheBehavior [ RunTime:0.000248s ]
INFO: [ app_begin ] --END-- [ RunTime:0.000292s ]
NOTIC: [2048] Declaration of IndexController::index() should be compatible with that of CommonController::index() /home/wwwroot/Competence/Application/Service/Controller/IndexController.class.php 第 3 行.
INFO: [ view_parse ] --START--
INFO: [ template_filter ] --START--
INFO: Run Behavior\ContentReplaceBehavior [ RunTime:0.000117s ]
INFO: [ template_filter ] --END-- [ RunTime:0.000158s ]
NOTIC: [8] Undefined variable: volist /home/wwwroot/Competence/Runtime/Cache/Service/573a565d88655dd6d35e2fd9412a37b4.php 第 123 行.
INFO: Run Behavior\ParseTemplateBehavior [ RunTime:0.007228s ]
INFO: [ view_parse ] --END-- [ RunTime:0.007268s ]
INFO: [ view_filter ] --START--
INFO: Run Behavior\WriteHtmlCacheBehavior [ RunTime:0.000071s ]
INFO: [ view_filter ] --END-- [ RunTime:0.000105s ]
INFO: [ app_end ] --START--
INFO: Run Behavior\ShowPageTraceBehavior [ RunTime:0.000279s ]
INFO: [ app_end ] --END-- [ RunTime:0.000324s ]

[ 2015-12-27T15:15:09+08:00 ] 172.20.0.200 /index.php/Service/Download?_=1451200531654
INFO: [ app_init ] --START--
INFO: Run Behavior\BuildLiteBehavior [ RunTime:0.000011s ]
INFO: [ app_init ] --END-- [ RunTime:0.000194s ]
INFO: [ app_begin ] --START--
INFO: Run Behavior\ReadHtmlCacheBehavior [ RunTime:0.000229s ]
INFO: [ app_begin ] --END-- [ RunTime:0.000275s ]
NOTIC: [2048] Declaration of DownloadController::index() should be compatible with that of CommonController::index() /home/wwwroot/Competence/Application/Service/Controller/DownloadController.class.php 第 7 行.
NOTIC: [8] Undefined index: return /home/wwwroot/Competence/Application/Service/Controller/DownloadController.class.php 第 57 行.
INFO: [ view_parse ] --START--
INFO: [ template_filter ] --START--
INFO: Run Behavior\ContentReplaceBehavior [ RunTime:0.000058s ]
INFO: [ template_filter ] --END-- [ RunTime:0.000105s ]
NOTIC: [8] Undefined index: numPerPage /home/wwwroot/Competence/Runtime/Cache/Service/779875eb59ebe49fb25a58893e010742.php 第 5 行.
NOTIC: [8] Undefined index: _order /home/wwwroot/Competence/Runtime/Cache/Service/779875eb59ebe49fb25a58893e010742.php 第 7 行.
NOTIC: [8] Undefined index: _sort /home/wwwroot/Competence/Runtime/Cache/Service/779875eb59ebe49fb25a58893e010742.php 第 9 行.
NOTIC: [8] Undefined index: start /home/wwwroot/Competence/Runtime/Cache/Service/779875eb59ebe49fb25a58893e010742.php 第 11 行.
NOTIC: [8] Undefined index: end /home/wwwroot/Competence/Runtime/Cache/Service/779875eb59ebe49fb25a58893e010742.php 第 11 行.
NOTIC: [8] Undefined index: start /home/wwwroot/Competence/Runtime/Cache/Service/779875eb59ebe49fb25a58893e010742.php 第 22 行.
NOTIC: [8] Undefined index: end /home/wwwroot/Competence/Runtime/Cache/Service/779875eb59ebe49fb25a58893e010742.php 第 26 行.
INFO: Run Behavior\ParseTemplateBehavior [ RunTime:0.005048s ]
INFO: [ view_parse ] --END-- [ RunTime:0.005082s ]
INFO: [ view_filter ] --START--
INFO: Run Behavior\WriteHtmlCacheBehavior [ RunTime:0.000071s ]
INFO: [ view_filter ] --END-- [ RunTime:0.000120s ]
INFO: [ app_end ] --START--
INFO: Run Behavior\ShowPageTraceBehavior [ RunTime:0.000252s ]
INFO: [ app_end ] --END-- [ RunTime:0.000305s ]

[ 2015-12-27T15:15:10+08:00 ] 172.20.0.200 /index.php/Service/Download/throwMqs
ERR: ===========================================发布开始====================
[ 2015-12-27T15:15:10+08:00 ] 172.20.0.200 /index.php/Service/Download/throwMqs
ERR: \\\\\\\\\\\\\\\\发布地址：172.17.6.148
[ 2015-12-27T15:15:10+08:00 ] 172.20.0.200 /index.php/Service/Download/throwMqs
ERR: \\\\\\\\\\\\\\\\发布端口：9003
[ 2015-12-27T15:15:10+08:00 ] 172.20.0.200 /index.php/Service/Download/throwMqs
ERR: \\\\\\\\\\\\\\\\发布频道：operationToMayChannel
[ 2015-12-27T15:15:10+08:00 ] 172.20.0.200 /index.php/Service/Download/throwMqs
ERR: \\\\\\\\\\\\\\\\发布内容：{"data":{"messageType":"controlAidCapk","requestSerial":"567f8ffe8a253","message":{"command":"start"}}}
[ 2015-12-27T15:15:10+08:00 ] 172.20.0.200 /index.php/Service/Download/throwMqs
ERR: \\\\\\\\\\\\\\\\发布结果：0
[ 2015-12-27T15:15:10+08:00 ] 172.20.0.200 /index.php/Service/Download/throwMqs
ERR: ===========================================发布完毕====================
[ 2015-12-27T15:15:10+08:00 ] 172.20.0.200 /index.php/Service/Download/throwMqs
INFO: [ app_init ] --START--
INFO: Run Behavior\BuildLiteBehavior [ RunTime:0.000037s ]
INFO: [ app_init ] --END-- [ RunTime:0.000732s ]
INFO: [ app_begin ] --START--
INFO: Run Behavior\ReadHtmlCacheBehavior [ RunTime:0.000250s ]
INFO: [ app_begin ] --END-- [ RunTime:0.000289s ]
NOTIC: [2048] Declaration of DownloadController::index() should be compatible with that of CommonController::index() /home/wwwroot/Competence/Application/Service/Controller/DownloadController.class.php 第 7 行.
INFO: [ app_end ] --START--
INFO: Run Behavior\ShowPageTraceBehavior [ RunTime:0.000253s ]
INFO: [ app_end ] --END-- [ RunTime:0.000314s ]

[ 2015-12-27T15:15:12+08:00 ] 172.20.0.200 /index.php/Service/Download/throwMqs
ERR: ===========================================发布开始====================
[ 2015-12-27T15:15:12+08:00 ] 172.20.0.200 /index.php/Service/Download/throwMqs
ERR: \\\\\\\\\\\\\\\\发布地址：172.17.6.148
[ 2015-12-27T15:15:12+08:00 ] 172.20.0.200 /index.php/Service/Download/throwMqs
ERR: \\\\\\\\\\\\\\\\发布端口：9003
[ 2015-12-27T15:15:12+08:00 ] 172.20.0.200 /index.php/Service/Download/throwMqs
ERR: \\\\\\\\\\\\\\\\发布频道：operationToMayChannel
[ 2015-12-27T15:15:12+08:00 ] 172.20.0.200 /index.php/Service/Download/throwMqs
ERR: \\\\\\\\\\\\\\\\发布内容：{"data":{"messageType":"controlAidCapk","requestSerial":"567f9000eb702","message":{"command":"stop"}}}
[ 2015-12-27T15:15:12+08:00 ] 172.20.0.200 /index.php/Service/Download/throwMqs
ERR: \\\\\\\\\\\\\\\\发布结果：0
[ 2015-12-27T15:15:12+08:00 ] 172.20.0.200 /index.php/Service/Download/throwMqs
ERR: ===========================================发布完毕====================
[ 2015-12-27T15:15:12+08:00 ] 172.20.0.200 /index.php/Service/Download/throwMqs
INFO: [ app_init ] --START--
INFO: Run Behavior\BuildLiteBehavior [ RunTime:0.000037s ]
INFO: [ app_init ] --END-- [ RunTime:0.000707s ]
INFO: [ app_begin ] --START--
INFO: Run Behavior\ReadHtmlCacheBehavior [ RunTime:0.000875s ]
INFO: [ app_begin ] --END-- [ RunTime:0.001027s ]
NOTIC: [2048] Declaration of DownloadController::index() should be compatible with that of CommonController::index() /home/wwwroot/Competence/Application/Service/Controller/DownloadController.class.php 第 7 行.
INFO: [ app_end ] --START--
INFO: Run Behavior\ShowPageTraceBehavior [ RunTime:0.000254s ]
INFO: [ app_end ] --END-- [ RunTime:0.000300s ]

[ 2015-12-27T15:22:54+08:00 ] 172.20.0.200 /index.php/Service/Public/login.html
INFO: [ app_init ] --START--
INFO: Run Behavior\BuildLiteBehavior [ RunTime:0.000010s ]
INFO: [ app_init ] --END-- [ RunTime:0.000207s ]
INFO: [ app_begin ] --START--
INFO: Run Behavior\ReadHtmlCacheBehavior [ RunTime:0.000245s ]
INFO: [ app_begin ] --END-- [ RunTime:0.000290s ]
INFO: [ view_parse ] --START--
INFO: [ template_filter ] --START--
INFO: Run Behavior\ContentReplaceBehavior [ RunTime:0.000060s ]
INFO: [ template_filter ] --END-- [ RunTime:0.000108s ]
INFO: Run Behavior\ParseTemplateBehavior [ RunTime:0.003895s ]
INFO: [ view_parse ] --END-- [ RunTime:0.003936s ]
INFO: [ view_filter ] --START--
INFO: Run Behavior\WriteHtmlCacheBehavior [ RunTime:0.000070s ]
INFO: [ view_filter ] --END-- [ RunTime:0.000103s ]
INFO: [ app_end ] --START--
INFO: Run Behavior\ShowPageTraceBehavior [ RunTime:0.000258s ]
INFO: [ app_end ] --END-- [ RunTime:0.000294s ]

[ 2015-12-27T15:22:57+08:00 ] 172.20.0.200 /index.php/Service/Public/checkLogin/
INFO: [ app_init ] --START--
INFO: Run Behavior\BuildLiteBehavior [ RunTime:0.000040s ]
INFO: [ app_init ] --END-- [ RunTime:0.000880s ]
INFO: [ app_begin ] --START--
INFO: Run Behavior\ReadHtmlCacheBehavior [ RunTime:0.001046s ]
INFO: [ app_begin ] --END-- [ RunTime:0.001240s ]
NOTIC: [2] setcookie() expects parameter 3 to be long, string given /home/wwwroot/Competence/Application/Service/Controller/PublicController.class.php 第 256 行.
INFO: [ app_end ] --START--
INFO: Run Behavior\ShowPageTraceBehavior [ RunTime:0.000261s ]
INFO: [ app_end ] --END-- [ RunTime:0.000303s ]

[ 2015-12-27T15:22:57+08:00 ] 172.20.0.200 /index.php/Service/Index/index
INFO: [ app_init ] --START--
INFO: Run Behavior\BuildLiteBehavior [ RunTime:0.000021s ]
INFO: [ app_init ] --END-- [ RunTime:0.000442s ]
INFO: [ app_begin ] --START--
INFO: Run Behavior\ReadHtmlCacheBehavior [ RunTime:0.000565s ]
INFO: [ app_begin ] --END-- [ RunTime:0.000673s ]
NOTIC: [2048] Declaration of IndexController::index() should be compatible with that of CommonController::index() /home/wwwroot/Competence/Application/Service/Controller/IndexController.class.php 第 3 行.
INFO: [ view_parse ] --START--
INFO: [ template_filter ] --START--
INFO: Run Behavior\ContentReplaceBehavior [ RunTime:0.000122s ]
INFO: [ template_filter ] --END-- [ RunTime:0.000174s ]
NOTIC: [8] Undefined variable: volist /home/wwwroot/Competence/Runtime/Cache/Service/573a565d88655dd6d35e2fd9412a37b4.php 第 123 行.
INFO: Run Behavior\ParseTemplateBehavior [ RunTime:0.014030s ]
INFO: [ view_parse ] --END-- [ RunTime:0.014102s ]
INFO: [ view_filter ] --START--
INFO: Run Behavior\WriteHtmlCacheBehavior [ RunTime:0.000095s ]
INFO: [ view_filter ] --END-- [ RunTime:0.000128s ]
INFO: [ app_end ] --START--
INFO: Run Behavior\ShowPageTraceBehavior [ RunTime:0.000270s ]
INFO: [ app_end ] --END-- [ RunTime:0.000314s ]

[ 2015-12-27T15:23:05+08:00 ] 172.20.0.200 /index.php/Service/Download?_=1451201007734
INFO: [ app_init ] --START--
INFO: Run Behavior\BuildLiteBehavior [ RunTime:0.000010s ]
INFO: [ app_init ] --END-- [ RunTime:0.000199s ]
INFO: [ app_begin ] --START--
INFO: Run Behavior\ReadHtmlCacheBehavior [ RunTime:0.000244s ]
INFO: [ app_begin ] --END-- [ RunTime:0.000287s ]
NOTIC: [2048] Declaration of DownloadController::index() should be compatible with that of CommonController::index() /home/wwwroot/Competence/Application/Service/Controller/DownloadController.class.php 第 7 行.
NOTIC: [8] Undefined index: return /home/wwwroot/Competence/Application/Service/Controller/DownloadController.class.php 第 57 行.
INFO: [ view_parse ] --START--
INFO: [ template_filter ] --START--
INFO: Run Behavior\ContentReplaceBehavior [ RunTime:0.000067s ]
INFO: [ template_filter ] --END-- [ RunTime:0.000107s ]
NOTIC: [8] Undefined index: numPerPage /home/wwwroot/Competence/Runtime/Cache/Service/779875eb59ebe49fb25a58893e010742.php 第 5 行.
NOTIC: [8] Undefined index: _order /home/wwwroot/Competence/Runtime/Cache/Service/779875eb59ebe49fb25a58893e010742.php 第 7 行.
NOTIC: [8] Undefined index: _sort /home/wwwroot/Competence/Runtime/Cache/Service/779875eb59ebe49fb25a58893e010742.php 第 9 行.
NOTIC: [8] Undefined index: start /home/wwwroot/Competence/Runtime/Cache/Service/779875eb59ebe49fb25a58893e010742.php 第 11 行.
NOTIC: [8] Undefined index: end /home/wwwroot/Competence/Runtime/Cache/Service/779875eb59ebe49fb25a58893e010742.php 第 11 行.
NOTIC: [8] Undefined index: start /home/wwwroot/Competence/Runtime/Cache/Service/779875eb59ebe49fb25a58893e010742.php 第 22 行.
NOTIC: [8] Undefined index: end /home/wwwroot/Competence/Runtime/Cache/Service/779875eb59ebe49fb25a58893e010742.php 第 26 行.
INFO: Run Behavior\ParseTemplateBehavior [ RunTime:0.005373s ]
INFO: [ view_parse ] --END-- [ RunTime:0.005412s ]
INFO: [ view_filter ] --START--
INFO: Run Behavior\WriteHtmlCacheBehavior [ RunTime:0.000092s ]
INFO: [ view_filter ] --END-- [ RunTime:0.000121s ]
INFO: [ app_end ] --START--
INFO: Run Behavior\ShowPageTraceBehavior [ RunTime:0.000251s ]
INFO: [ app_end ] --END-- [ RunTime:0.000294s ]

[ 2015-12-27T15:23:08+08:00 ] 172.20.0.200 /index.php/Service/Download/throwMqs
ERR: ===========================================发布开始====================
[ 2015-12-27T15:23:08+08:00 ] 172.20.0.200 /index.php/Service/Download/throwMqs
ERR: \\\\\\\\\\\\\\\\发布地址：172.17.6.148
[ 2015-12-27T15:23:08+08:00 ] 172.20.0.200 /index.php/Service/Download/throwMqs
ERR: \\\\\\\\\\\\\\\\发布端口：9003
[ 2015-12-27T15:23:08+08:00 ] 172.20.0.200 /index.php/Service/Download/throwMqs
ERR: \\\\\\\\\\\\\\\\发布频道：operationToMayChannel
[ 2015-12-27T15:23:08+08:00 ] 172.20.0.200 /index.php/Service/Download/throwMqs
ERR: \\\\\\\\\\\\\\\\发布内容：{"data":{"messageType":"controlAidCapk","requestSerial":"567f91dc0226a","message":{"command":"start"}}}
[ 2015-12-27T15:23:08+08:00 ] 172.20.0.200 /index.php/Service/Download/throwMqs
ERR: \\\\\\\\\\\\\\\\发布结果：0
[ 2015-12-27T15:23:08+08:00 ] 172.20.0.200 /index.php/Service/Download/throwMqs
ERR: ===========================================发布完毕====================
[ 2015-12-27T15:23:08+08:00 ] 172.20.0.200 /index.php/Service/Download/throwMqs
INFO: [ app_init ] --START--
INFO: Run Behavior\BuildLiteBehavior [ RunTime:0.000037s ]
INFO: [ app_init ] --END-- [ RunTime:0.000777s ]
INFO: [ app_begin ] --START--
INFO: Run Behavior\ReadHtmlCacheBehavior [ RunTime:0.000944s ]
INFO: [ app_begin ] --END-- [ RunTime:0.001117s ]
NOTIC: [2048] Declaration of DownloadController::index() should be compatible with that of CommonController::index() /home/wwwroot/Competence/Application/Service/Controller/DownloadController.class.php 第 7 行.
INFO: [ app_end ] --START--
INFO: Run Behavior\ShowPageTraceBehavior [ RunTime:0.001081s ]
INFO: [ app_end ] --END-- [ RunTime:0.001314s ]

[ 2015-12-27T15:23:30+08:00 ] 172.20.0.200 /index.php/Service/Download/throwMqs
ERR: ===========================================发布开始====================
[ 2015-12-27T15:23:30+08:00 ] 172.20.0.200 /index.php/Service/Download/throwMqs
ERR: \\\\\\\\\\\\\\\\发布地址：172.17.6.148
[ 2015-12-27T15:23:30+08:00 ] 172.20.0.200 /index.php/Service/Download/throwMqs
ERR: \\\\\\\\\\\\\\\\发布端口：9003
[ 2015-12-27T15:23:30+08:00 ] 172.20.0.200 /index.php/Service/Download/throwMqs
ERR: \\\\\\\\\\\\\\\\发布频道：operationToMayChannel
[ 2015-12-27T15:23:30+08:00 ] 172.20.0.200 /index.php/Service/Download/throwMqs
ERR: \\\\\\\\\\\\\\\\发布内容：{"data":{"messageType":"controlAidCapk","requestSerial":"567f91f20aeb0","message":{"command":"stop"}}}
[ 2015-12-27T15:23:30+08:00 ] 172.20.0.200 /index.php/Service/Download/throwMqs
ERR: \\\\\\\\\\\\\\\\发布结果：0
[ 2015-12-27T15:23:30+08:00 ] 172.20.0.200 /index.php/Service/Download/throwMqs
ERR: ===========================================发布完毕====================
[ 2015-12-27T15:23:30+08:00 ] 172.20.0.200 /index.php/Service/Download/throwMqs
INFO: [ app_init ] --START--
INFO: Run Behavior\BuildLiteBehavior [ RunTime:0.000040s ]
INFO: [ app_init ] --END-- [ RunTime:0.000820s ]
INFO: [ app_begin ] --START--
INFO: Run Behavior\ReadHtmlCacheBehavior [ RunTime:0.000246s ]
INFO: [ app_begin ] --END-- [ RunTime:0.000290s ]
NOTIC: [2048] Declaration of DownloadController::index() should be compatible with that of CommonController::index() /home/wwwroot/Competence/Application/Service/Controller/DownloadController.class.php 第 7 行.
INFO: [ app_end ] --START--
INFO: Run Behavior\ShowPageTraceBehavior [ RunTime:0.000262s ]
INFO: [ app_end ] --END-- [ RunTime:0.000309s ]

[ 2015-12-27T15:23:49+08:00 ] 172.20.0.200 /index.php/Service/Download/throwMqs
ERR: ===========================================发布开始====================
[ 2015-12-27T15:23:49+08:00 ] 172.20.0.200 /index.php/Service/Download/throwMqs
ERR: \\\\\\\\\\\\\\\\发布地址：172.17.6.148
[ 2015-12-27T15:23:49+08:00 ] 172.20.0.200 /index.php/Service/Download/throwMqs
ERR: \\\\\\\\\\\\\\\\发布端口：9003
[ 2015-12-27T15:23:49+08:00 ] 172.20.0.200 /index.php/Service/Download/throwMqs
ERR: \\\\\\\\\\\\\\\\发布频道：operationToMayChannel
[ 2015-12-27T15:23:49+08:00 ] 172.20.0.200 /index.php/Service/Download/throwMqs
ERR: \\\\\\\\\\\\\\\\发布内容：{"data":{"messageType":"controlAidCapk","requestSerial":"567f920571822","message":{"command":"start"}}}
[ 2015-12-27T15:23:49+08:00 ] 172.20.0.200 /index.php/Service/Download/throwMqs
ERR: \\\\\\\\\\\\\\\\发布结果：0
[ 2015-12-27T15:23:49+08:00 ] 172.20.0.200 /index.php/Service/Download/throwMqs
ERR: ===========================================发布完毕====================
[ 2015-12-27T15:23:49+08:00 ] 172.20.0.200 /index.php/Service/Download/throwMqs
INFO: [ app_init ] --START--
INFO: Run Behavior\BuildLiteBehavior [ RunTime:0.000014s ]
INFO: [ app_init ] --END-- [ RunTime:0.000233s ]
INFO: [ app_begin ] --START--
INFO: Run Behavior\ReadHtmlCacheBehavior [ RunTime:0.000275s ]
INFO: [ app_begin ] --END-- [ RunTime:0.000327s ]
NOTIC: [2048] Declaration of DownloadController::index() should be compatible with that of CommonController::index() /home/wwwroot/Competence/Application/Service/Controller/DownloadController.class.php 第 7 行.
INFO: [ app_end ] --START--
INFO: Run Behavior\ShowPageTraceBehavior [ RunTime:0.000316s ]
INFO: [ app_end ] --END-- [ RunTime:0.000385s ]

