[ 2015-12-15T11:33:56+08:00 ] 172.20.0.200 /
INFO: [ app_init ] --START--
INFO: Run Behavior\BuildLiteBehavior [ RunTime:0.000052s ]
INFO: [ app_init ] --END-- [ RunTime:0.001507s ]
INFO: [ app_begin ] --START--
INFO: Run Behavior\ReadHtmlCacheBehavior [ RunTime:0.001745s ]
INFO: [ app_begin ] --END-- [ RunTime:0.001916s ]
NOTIC: [2] require_once(Ice.php): failed to open stream: No such file or directory /var/html/www/Sermanage/ThinkPHP/Library/Vendor/Hprose/XGD_iceintf_base.php 第 22 行.

[ 2015-12-15T11:44:28+08:00 ] 172.20.0.200 /
INFO: [ app_init ] --START--
INFO: Run Behavior\BuildLiteBehavior [ RunTime:0.000019s ]
INFO: [ app_init ] --END-- [ RunTime:0.000543s ]
INFO: [ app_begin ] --START--
INFO: Run Behavior\ReadHtmlCacheBehavior [ RunTime:0.000637s ]
INFO: [ app_begin ] --END-- [ RunTime:0.000717s ]
NOTIC: [2] require_once(Ice.php): failed to open stream: No such file or directory /var/html/www/Sermanage/ThinkPHP/Library/Vendor/Hprose/XGD_iceintf_base.php 第 22 行.

[ 2015-12-15T11:44:30+08:00 ] 172.20.0.200 /
INFO: [ app_init ] --START--
INFO: Run Behavior\BuildLiteBehavior [ RunTime:0.000017s ]
INFO: [ app_init ] --END-- [ RunTime:0.000593s ]
INFO: [ app_begin ] --START--
INFO: Run Behavior\ReadHtmlCacheBehavior [ RunTime:0.000871s ]
INFO: [ app_begin ] --END-- [ RunTime:0.001021s ]
NOTIC: [2] require_once(Ice.php): failed to open stream: No such file or directory /var/html/www/Sermanage/ThinkPHP/Library/Vendor/Hprose/XGD_iceintf_base.php 第 22 行.

[ 2015-12-15T11:44:32+08:00 ] 172.20.0.200 /
INFO: [ app_init ] --START--
INFO: Run Behavior\BuildLiteBehavior [ RunTime:0.000016s ]
INFO: [ app_init ] --END-- [ RunTime:0.000367s ]
INFO: [ app_begin ] --START--
INFO: Run Behavior\ReadHtmlCacheBehavior [ RunTime:0.000646s ]
INFO: [ app_begin ] --END-- [ RunTime:0.000731s ]
NOTIC: [2] require_once(Ice.php): failed to open stream: No such file or directory /var/html/www/Sermanage/ThinkPHP/Library/Vendor/Hprose/XGD_iceintf_base.php 第 22 行.

[ 2015-12-15T11:44:32+08:00 ] 172.20.0.200 /
INFO: [ app_init ] --START--
INFO: Run Behavior\BuildLiteBehavior [ RunTime:0.000015s ]
INFO: [ app_init ] --END-- [ RunTime:0.000461s ]
INFO: [ app_begin ] --START--
INFO: Run Behavior\ReadHtmlCacheBehavior [ RunTime:0.000430s ]
INFO: [ app_begin ] --END-- [ RunTime:0.000485s ]
NOTIC: [2] require_once(Ice.php): failed to open stream: No such file or directory /var/html/www/Sermanage/ThinkPHP/Library/Vendor/Hprose/XGD_iceintf_base.php 第 22 行.

[ 2015-12-15T11:44:32+08:00 ] 172.20.0.200 /
INFO: [ app_init ] --START--
INFO: Run Behavior\BuildLiteBehavior [ RunTime:0.000107s ]
INFO: [ app_init ] --END-- [ RunTime:0.000784s ]
INFO: [ app_begin ] --START--
INFO: Run Behavior\ReadHtmlCacheBehavior [ RunTime:0.001017s ]
INFO: [ app_begin ] --END-- [ RunTime:0.001106s ]
NOTIC: [2] require_once(Ice.php): failed to open stream: No such file or directory /var/html/www/Sermanage/ThinkPHP/Library/Vendor/Hprose/XGD_iceintf_base.php 第 22 行.

[ 2015-12-15T11:44:32+08:00 ] 172.20.0.200 /
INFO: [ app_init ] --START--
INFO: Run Behavior\BuildLiteBehavior [ RunTime:0.000021s ]
INFO: [ app_init ] --END-- [ RunTime:0.000568s ]
INFO: [ app_begin ] --START--
INFO: Run Behavior\ReadHtmlCacheBehavior [ RunTime:0.000759s ]
INFO: [ app_begin ] --END-- [ RunTime:0.000854s ]
NOTIC: [2] require_once(Ice.php): failed to open stream: No such file or directory /var/html/www/Sermanage/ThinkPHP/Library/Vendor/Hprose/XGD_iceintf_base.php 第 22 行.

[ 2015-12-15T11:45:16+08:00 ] 172.20.0.200 /
INFO: [ app_init ] --START--
INFO: Run Behavior\BuildLiteBehavior [ RunTime:0.000017s ]
INFO: [ app_init ] --END-- [ RunTime:0.000338s ]
INFO: [ app_begin ] --START--
INFO: Run Behavior\ReadHtmlCacheBehavior [ RunTime:0.000512s ]
INFO: [ app_begin ] --END-- [ RunTime:0.000579s ]
NOTIC: [2] require_once(Ice.php): failed to open stream: No such file or directory /var/html/www/Sermanage/ThinkPHP/Library/Vendor/Hprose/XGD_iceintf_base.php 第 22 行.

[ 2015-12-15T11:46:35+08:00 ] 172.20.0.200 /
INFO: [ app_init ] --START--
INFO: Run Behavior\BuildLiteBehavior [ RunTime:0.000021s ]
INFO: [ app_init ] --END-- [ RunTime:0.000578s ]
INFO: [ app_begin ] --START--
INFO: Run Behavior\ReadHtmlCacheBehavior [ RunTime:0.000636s ]
INFO: [ app_begin ] --END-- [ RunTime:0.000750s ]
NOTIC: [2] require_once(Ice.php): failed to open stream: No such file or directory /var/html/www/Sermanage/ThinkPHP/Library/Vendor/Hprose/XGD_iceintf_base.php 第 22 行.

[ 2015-12-15T11:53:55+08:00 ] 172.20.0.200 /
INFO: [ app_init ] --START--
INFO: Run Behavior\BuildLiteBehavior [ RunTime:0.000020s ]
INFO: [ app_init ] --END-- [ RunTime:0.000444s ]
INFO: [ app_begin ] --START--
INFO: Run Behavior\ReadHtmlCacheBehavior [ RunTime:0.000651s ]
INFO: [ app_begin ] --END-- [ RunTime:0.000731s ]
NOTIC: [2] require_once(Ice.php): failed to open stream: No such file or directory /var/html/www/Sermanage/ThinkPHP/Library/Vendor/Hprose/XGD_iceintf_base.php 第 22 行.

[ 2015-12-15T12:03:02+08:00 ] 172.20.0.200 /
INFO: [ app_init ] --START--
INFO: Run Behavior\BuildLiteBehavior [ RunTime:0.000014s ]
INFO: [ app_init ] --END-- [ RunTime:0.000429s ]
INFO: [ app_begin ] --START--
INFO: Run Behavior\ReadHtmlCacheBehavior [ RunTime:0.000471s ]
INFO: [ app_begin ] --END-- [ RunTime:0.000536s ]
NOTIC: [2] require_once(Ice.php): failed to open stream: No such file or directory /var/html/www/Sermanage/ThinkPHP/Library/Vendor/Hprose/XGD_iceintf_base.php 第 22 行.

[ 2015-12-15T12:03:03+08:00 ] 172.20.0.200 /
INFO: [ app_init ] --START--
INFO: Run Behavior\BuildLiteBehavior [ RunTime:0.000031s ]
INFO: [ app_init ] --END-- [ RunTime:0.000549s ]
INFO: [ app_begin ] --START--
INFO: Run Behavior\ReadHtmlCacheBehavior [ RunTime:0.001196s ]
INFO: [ app_begin ] --END-- [ RunTime:0.001403s ]
NOTIC: [2] require_once(Ice.php): failed to open stream: No such file or directory /var/html/www/Sermanage/ThinkPHP/Library/Vendor/Hprose/XGD_iceintf_base.php 第 22 行.

[ 2015-12-15T12:03:04+08:00 ] 172.20.0.200 /
INFO: [ app_init ] --START--
INFO: Run Behavior\BuildLiteBehavior [ RunTime:0.000027s ]
INFO: [ app_init ] --END-- [ RunTime:0.000780s ]
INFO: [ app_begin ] --START--
INFO: Run Behavior\ReadHtmlCacheBehavior [ RunTime:0.000992s ]
INFO: [ app_begin ] --END-- [ RunTime:0.001109s ]
NOTIC: [2] require_once(Ice.php): failed to open stream: No such file or directory /var/html/www/Sermanage/ThinkPHP/Library/Vendor/Hprose/XGD_iceintf_base.php 第 22 行.

[ 2015-12-15T12:03:04+08:00 ] 172.20.0.200 /
INFO: [ app_init ] --START--
INFO: Run Behavior\BuildLiteBehavior [ RunTime:0.000034s ]
INFO: [ app_init ] --END-- [ RunTime:0.000717s ]
INFO: [ app_begin ] --START--
INFO: Run Behavior\ReadHtmlCacheBehavior [ RunTime:0.000519s ]
INFO: [ app_begin ] --END-- [ RunTime:0.000584s ]
NOTIC: [2] require_once(Ice.php): failed to open stream: No such file or directory /var/html/www/Sermanage/ThinkPHP/Library/Vendor/Hprose/XGD_iceintf_base.php 第 22 行.

[ 2015-12-15T12:03:04+08:00 ] 172.20.0.200 /
INFO: [ app_init ] --START--
INFO: Run Behavior\BuildLiteBehavior [ RunTime:0.000015s ]
INFO: [ app_init ] --END-- [ RunTime:0.000350s ]
INFO: [ app_begin ] --START--
INFO: Run Behavior\ReadHtmlCacheBehavior [ RunTime:0.000607s ]
INFO: [ app_begin ] --END-- [ RunTime:0.000698s ]
NOTIC: [2] require_once(Ice.php): failed to open stream: No such file or directory /var/html/www/Sermanage/ThinkPHP/Library/Vendor/Hprose/XGD_iceintf_base.php 第 22 行.

[ 2015-12-15T12:03:04+08:00 ] 172.20.0.200 /
INFO: [ app_init ] --START--
INFO: Run Behavior\BuildLiteBehavior [ RunTime:0.000014s ]
INFO: [ app_init ] --END-- [ RunTime:0.000293s ]
INFO: [ app_begin ] --START--
INFO: Run Behavior\ReadHtmlCacheBehavior [ RunTime:0.000391s ]
INFO: [ app_begin ] --END-- [ RunTime:0.000439s ]
NOTIC: [2] require_once(Ice.php): failed to open stream: No such file or directory /var/html/www/Sermanage/ThinkPHP/Library/Vendor/Hprose/XGD_iceintf_base.php 第 22 行.

[ 2015-12-15T12:42:23+08:00 ] 172.20.0.200 /
INFO: [ app_init ] --START--
INFO: Run Behavior\BuildLiteBehavior [ RunTime:0.000020s ]
INFO: [ app_init ] --END-- [ RunTime:0.000414s ]
INFO: [ app_begin ] --START--
INFO: Run Behavior\ReadHtmlCacheBehavior [ RunTime:0.000478s ]
INFO: [ app_begin ] --END-- [ RunTime:0.000536s ]
NOTIC: [2] require_once(Ice.php): failed to open stream: No such file or directory /var/html/www/Sermanage/ThinkPHP/Library/Vendor/Hprose/XGD_iceintf_base.php 第 22 行.

[ 2015-12-15T12:42:26+08:00 ] 172.20.0.200 /
INFO: [ app_init ] --START--
INFO: Run Behavior\BuildLiteBehavior [ RunTime:0.000020s ]
INFO: [ app_init ] --END-- [ RunTime:0.000373s ]
INFO: [ app_begin ] --START--
INFO: Run Behavior\ReadHtmlCacheBehavior [ RunTime:0.000433s ]
INFO: [ app_begin ] --END-- [ RunTime:0.000484s ]
NOTIC: [2] require_once(Ice.php): failed to open stream: No such file or directory /var/html/www/Sermanage/ThinkPHP/Library/Vendor/Hprose/XGD_iceintf_base.php 第 22 行.

[ 2015-12-15T12:45:31+08:00 ] 172.20.0.200 /
INFO: [ app_init ] --START--
INFO: Run Behavior\BuildLiteBehavior [ RunTime:0.000018s ]
INFO: [ app_init ] --END-- [ RunTime:0.000350s ]
INFO: [ app_begin ] --START--
INFO: Run Behavior\ReadHtmlCacheBehavior [ RunTime:0.000691s ]
INFO: [ app_begin ] --END-- [ RunTime:0.000760s ]
NOTIC: [2048] Declaration of IndexController::index() should be compatible with CommonController::index($dwz_db_name = '') /var/html/www/Sermanage/Application/Service/Controller/IndexController.class.php 第 3 行.

[ 2015-12-15T12:45:38+08:00 ] 172.20.0.200 /
INFO: [ app_init ] --START--
INFO: Run Behavior\BuildLiteBehavior [ RunTime:0.000026s ]
INFO: [ app_init ] --END-- [ RunTime:0.000399s ]
INFO: [ app_begin ] --START--
INFO: Run Behavior\ReadHtmlCacheBehavior [ RunTime:0.000713s ]
INFO: [ app_begin ] --END-- [ RunTime:0.000783s ]
NOTIC: [2048] Declaration of IndexController::index() should be compatible with CommonController::index($dwz_db_name = '') /var/html/www/Sermanage/Application/Service/Controller/IndexController.class.php 第 3 行.

[ 2015-12-15T12:52:14+08:00 ] 172.20.0.200 /
INFO: [ app_init ] --START--
INFO: Run Behavior\BuildLiteBehavior [ RunTime:0.000020s ]
INFO: [ app_init ] --END-- [ RunTime:0.000424s ]
INFO: [ app_begin ] --START--
INFO: Run Behavior\ReadHtmlCacheBehavior [ RunTime:0.000476s ]
INFO: [ app_begin ] --END-- [ RunTime:0.000531s ]
NOTIC: [2048] Declaration of IndexController::index() should be compatible with CommonController::index($dwz_db_name = '') /var/html/www/Sermanage/Application/Service/Controller/IndexController.class.php 第 3 行.

[ 2015-12-15T12:53:22+08:00 ] 172.20.0.200 /
INFO: [ app_init ] --START--
INFO: Run Behavior\BuildLiteBehavior [ RunTime:0.000016s ]
INFO: [ app_init ] --END-- [ RunTime:0.000571s ]
INFO: [ app_begin ] --START--
INFO: Run Behavior\ReadHtmlCacheBehavior [ RunTime:0.000490s ]
INFO: [ app_begin ] --END-- [ RunTime:0.000591s ]
NOTIC: [2048] Declaration of IndexController::index() should be compatible with CommonController::index($dwz_db_name = '') /var/html/www/Sermanage/Application/Service/Controller/IndexController.class.php 第 3 行.

