


\\\\\\\\\\\\\\\\\\\\\\\\\请求时间是：2016-01-05 19:17:52
请求内容是：{"userno":"00000000","userpwd":"e10adc3949ba59abbe56e057f20f883e","method":"xgd.auth.check.login","ver":"v1.0","encoding":"utf-8","timestamp":"2016-01-05 19:17:52","format":"json","appid":"0001","signtype":"md5","cuserid":310}
请求参数是：Array
(
    [http] => Array
        (
            [method] => POST
            [header] => 8
            [content] => jsonparam={"userno":"00000000","userpwd":"e10adc3949ba59abbe56e057f20f883e","method":"xgd.auth.check.login","ver":"v1.0","encoding":"utf-8","timestamp":"2016-01-05 19:17:52","format":"json","appid":"0001","signtype":"md5","cuserid":310}&sign=6d04e61df4d2064cb404654bd93b710c
        )

)

请求URL是：http://172.17.4.203:52002/safeService
接口返回的消息是：{"object":{"userno":"00000000","userid":"310","usertype":"0","username":"超级管理员","userlevel":"A","userstatus":"N","pwdtime":"2013-09-02 10:19:29","session":"970bc2986f38efd90182686f55ae073e"},"rtn":"OK","rtnMsg":"成功"}


\\\\\\\\\\\\\\\\\\\\\\\\\请求时间是：2016-01-05 19:17:53
请求内容是：{"paramno":"userlevel","method":"xgd.auth.check.parammap","ver":"v1.0","encoding":"utf-8","timestamp":"2016-01-05 19:17:53","format":"json","appid":"0001","signtype":"md5","cuserid":310}
请求参数是：Array
(
    [http] => Array
        (
            [method] => POST
            [header] => 8
            [content] => jsonparam={"paramno":"userlevel","method":"xgd.auth.check.parammap","ver":"v1.0","encoding":"utf-8","timestamp":"2016-01-05 19:17:53","format":"json","appid":"0001","signtype":"md5","cuserid":310}&sign=4857e4b4f7f6061fa18c10ce16506fd8
        )

)

请求URL是：http://172.17.4.203:52002/safeService
接口返回的消息是：{}


\\\\\\\\\\\\\\\\\\\\\\\\\请求时间是：2016-01-05 19:17:53
请求内容是：{"paramno":"userstatus","method":"xgd.auth.check.parammap","ver":"v1.0","encoding":"utf-8","timestamp":"2016-01-05 19:17:53","format":"json","appid":"0001","signtype":"md5","cuserid":310}
请求参数是：Array
(
    [http] => Array
        (
            [method] => POST
            [header] => 8
            [content] => jsonparam={"paramno":"userstatus","method":"xgd.auth.check.parammap","ver":"v1.0","encoding":"utf-8","timestamp":"2016-01-05 19:17:53","format":"json","appid":"0001","signtype":"md5","cuserid":310}&sign=9ab9b63627bcfb6cd6f323b2d7c65885
        )

)

请求URL是：http://172.17.4.203:52002/safeService
接口返回的消息是：{}


\\\\\\\\\\\\\\\\\\\\\\\\\请求时间是：2016-01-05 19:17:53
请求内容是：{"paramno":"usertype","method":"xgd.auth.check.parammap","ver":"v1.0","encoding":"utf-8","timestamp":"2016-01-05 19:17:53","format":"json","appid":"0001","signtype":"md5","cuserid":310}
请求参数是：Array
(
    [http] => Array
        (
            [method] => POST
            [header] => 8
            [content] => jsonparam={"paramno":"usertype","method":"xgd.auth.check.parammap","ver":"v1.0","encoding":"utf-8","timestamp":"2016-01-05 19:17:53","format":"json","appid":"0001","signtype":"md5","cuserid":310}&sign=64f51e7cf63b5ff6c7c580ec444dc506
        )

)

请求URL是：http://172.17.4.203:52002/safeService
接口返回的消息是：{}


\\\\\\\\\\\\\\\\\\\\\\\\\请求时间是：2016-01-05 19:17:53
请求内容是：{"userid":310,"productid":"5000","userlevel":"A","method":"xgd.auth.check.usermenu","menustatus":"N","ver":"v1.0","encoding":"utf-8","timestamp":"2016-01-05 19:17:53","format":"json","appid":"0001","signtype":"md5","cuserid":310}
请求参数是：Array
(
    [http] => Array
        (
            [method] => POST
            [header] => 8
            [content] => jsonparam={"userid":310,"productid":"5000","userlevel":"A","method":"xgd.auth.check.usermenu","menustatus":"N","ver":"v1.0","encoding":"utf-8","timestamp":"2016-01-05 19:17:53","format":"json","appid":"0001","signtype":"md5","cuserid":310}&sign=59a15f47099ac2bc2339469dfb9f5511
        )

)

请求URL是：http://172.17.4.203:52002/safeService
接口返回的消息是：{"data":[{"menuid":1600,"menutype":"CATA","formtarget":null,"menuname":"运维综合平台","upmenuid":"0","menuurl":null,"usermenu":[{"menuid":1601,"menutype":"CATA","formtarget":null,"menuname":"系统管理","upmenuid":"1600","menuurl":null,"usermenu":[{"menuid":1602,"menutype":"CATA","formtarget":"L00000","menuname":"基础信息管理","upmenuid":"1601","menuurl":null,"usermenu":[{"menuid":1604,"menutype":"MENU","formtarget":"L00101","menuname":"接入应用","upmenuid":"1602","menuurl":";system_AppCtrl;","usermenu":[]},{"menuid":1605,"menutype":"MENU","formtarget":"L00102","menuname":"产品管理","upmenuid":"1602","menuurl":";auth_ProductCtrl;","usermenu":[]},{"menuid":1606,"menutype":"MENU","formtarget":"L00601","menuname":"参数管理","upmenuid":"1602","menuurl":";system_ParamCtrl;","usermenu":[]},{"menuid":1607,"menutype":"MENU","formtarget":"L00201","menuname":"用户管理","upmenuid":"1602","menuurl":";system_UserCtrl;","usermenu":[]},{"menuid":1608,"menutype":"MENU","formtarget":"L00501","menuname":"角色管理","upmenuid":"1602","menuurl":";system_RoleCtrl;","usermenu":[]},{"menuid":1609,"menutype":"MENU","formtarget":"L00400","menuname":"机构管理","upmenuid":"1602","menuurl":";system_BranchCtrl;","usermenu":[]}]},{"menuid":1603,"menutype":"CATA","formtarget":null,"menuname":"权限分配管理","upmenuid":"1601","menuurl":null,"usermenu":[{"menuid":1610,"menutype":"MENU","formtarget":"L00103","menuname":"菜单管理","upmenuid":"1603","menuurl":";auth_MenuCtrl;","usermenu":[]},{"menuid":1611,"menutype":"MENU","formtarget":"L00104","menuname":"动作管理","upmenuid":"1603","menuurl":";auth_ActCtrl;","usermenu":[]},{"menuid":1612,"menutype":"MENU","formtarget":"L00105","menuname":"元素管理","upmenuid":"1603","menuurl":";auth_ElementCtrl;","usermenu":[]},{"menuid":1613,"menutype":"MENU","formtarget":"L00107","menuname":"操作管理","upmenuid":"1603","menuurl":";auth_PermEntryCtrl;","usermenu":[]},{"menuid":1614,"menutype":"MENU","formtarget":"L00106","menuname":"角色权限关联","upmenuid":"1603","menuurl":";auth_RoleToPermCtrl;","usermenu":[]},{"menuid":1615,"menutype":"MENU","formtarget":"L00701","menuname":"用户角色关联","upmenuid":"1603","menuurl":";system_User2RoleCtrl;","usermenu":[]},{"menuid":1616,"menutype":"MENU","formtarget":"L00702","menuname":"用户机构关联","upmenuid":"1603","menuurl":";system_User2BranchCtrl;","usermenu":[]}]}]},{"menuid":1617,"menutype":"CATA","formtarget":"L3","menuname":"交易网关","upmenuid":"1600","menuurl":";;","usermenu":[{"menuid":1618,"menutype":"CATA","formtarget":"L303","menuname":"交易流水管理","upmenuid":"1617","menuurl":";;","usermenu":[{"menuid":1619,"menutype":"MENU","formtarget":"L30301","menuname":"系统流水监控","upmenuid":"1618","menuurl":";Nac_SysMonitorCtrl","usermenu":[]},{"menuid":1620,"menutype":"MENU","formtarget":"L30302","menuname":"流水查询","upmenuid":"1618","menuurl":";Nac_TradeListCtrl","usermenu":[]}]}]},{"menuid":1621,"menutype":"CATA","formtarget":"L8","menuname":"终端公共配置管理","upmenuid":"1600","menuurl":";;","usermenu":[{"menuid":1622,"menutype":"CATA","formtarget":"L801","menuname":"配置管理","upmenuid":"1621","menuurl":";;","usermenu":[{"menuid":1625,"menutype":"MENU","formtarget":"L80110","menuname":"标签管理","upmenuid":"1622","menuurl":";Spos_TaginfoCtrl;","usermenu":[]}]},{"menuid":1623,"menutype":"CATA","formtarget":"L802","menuname":"POS管理","upmenuid":"1621","menuurl":";;","usermenu":[{"menuid":1627,"menutype":"MENU","formtarget":"L80204","menuname":"交易要素设置","upmenuid":"1623","menuurl":";Spos_TradeelementCtrl;","usermenu":[]},{"menuid":1626,"menutype":"MENU","formtarget":"L80205","menuname":"传统POS配置","upmenuid":"1623","menuurl":";Spos_TPosprocessCtrl;","usermenu":[]}]},{"menuid":1624,"menutype":"CATA","formtarget":"L803","menuname":"IC卡支持","upmenuid":"1621","menuurl":null,"usermenu":[{"menuid":1628,"menutype":"MENU","formtarget":"L80302","menuname":"IC卡参数","upmenuid":"1624","menuurl":";Ic_IccparamCtrl;","usermenu":[]}]}]},{"menuid":1629,"menutype":"CATA","formtarget":"L8","menuname":"SPOS配置管理2.0","upmenuid":"1600","menuurl":";;","usermenu":[{"menuid":1630,"menutype":"CATA","formtarget":"L201","menuname":"配置管理","upmenuid":"1629","menuurl":";;","usermenu":[{"menuid":1632,"menutype":"MENU","formtarget":"L20101","menuname":"菜单模板设置","upmenuid":"1630","menuurl":";Spos2_MenuinfoMCtrl;","usermenu":[]},{"menuid":1633,"menutype":"MENU","formtarget":"L20102","menuname":"菜单模板池设置","upmenuid":"1630","menuurl":";Spos2_TemplateMCtrl;","usermenu":[]},{"menuid":1634,"menutype":"MENU","formtarget":"L2010F","menuname":"操作提示设置","upmenuid":"1630","menuurl":";Spos2_InfoMCtrl;Index;,modeltype=3","usermenu":[]},{"menuid":1635,"menutype":"MENU","formtarget":"L2010F","menuname":"功能提示设置","upmenuid":"1630","menuurl":";Spos2_InfoMCtrl;Index;,modeltype=2","usermenu":[]},{"menuid":1636,"menutype":"MENU","formtarget":"L2010F","menuname":"错误提示设置","upmenuid":"1630","menuurl":";Spos2_InfoMCtrl;Index;,modeltype=1","usermenu":[]},{"menuid":1637,"menutype":"MENU","formtarget":"L2010F","menuname":"打印信息设置","upmenuid":"1630","menuurl":";Spos2_InfoMCtrl;Index;,modeltype=4","usermenu":[]},{"menuid":1638,"menutype":"MENU","formtarget":"L20107","menuname":"打印数据设置","upmenuid":"1630","menuurl":";Spos2_PrintdataMCtrl;","usermenu":[]},{"menuid":1639,"menutype":"MENU","formtarget":"L20109","menuname":"指令设置","upmenuid":"1630","menuurl":";Spos2_CommandCtrl;","usermenu":[]},{"menuid":1640,"menutype":"MENU","formtarget":"L20110","menuname":"打印指令设置","upmenuid":"1630","menuurl":";Spos2_PrintCommandCtrl;","usermenu":[]},{"menuid":1641,"menutype":"MENU","formtarget":"L20111","menuname":"操作提示池","upmenuid":"1630","menuurl":";Spos2_OperTipPoolCtrl;","usermenu":[]},{"menuid":1642,"menutype":"MENU","formtarget":"L20112","menuname":"错误提示池","upmenuid":"1630","menuurl":";Spos2_ErrTipPoolCtrl;","usermenu":[]},{"menuid":1643,"menutype":"MENU","formtarget":"L20113","menuname":"功能提示池","upmenuid":"1630","menuurl":";Spos2_FunTipPoolCtrl;","usermenu":[]},{"menuid":1644,"menutype":"MENU","formtarget":"L20114","menuname":"打印信息池","upmenuid":"1630","menuurl":";Spos2_PrintInfoPoolCtrl;","usermenu":[]}]},{"menuid":1631,"menutype":"CATA","formtarget":"L202","menuname":"POS管理","upmenuid":"1629","menuurl":";;","usermenu":[{"menuid":1645,"menutype":"MENU","formtarget":"L20201","menuname":"POS模型设置","upmenuid":"1631","menuurl":";Spos2_PosmodelCtrl;","usermenu":[]},{"menuid":1646,"menutype":"MENU","formtarget":"L20202","menuname":"终端绑定设置","upmenuid":"1631","menuurl":";Spos2_PosinfoCtrl;","usermenu":[]}]}]},{"menuid":1647,"menutype":"CATA","formtarget":"LC","menuname":"SPOS配置管理3.0","upmenuid":"1600","menuurl":";;","usermenu":[{"menuid":1648,"menutype":"CATA","formtarget":"LC04","menuname":"配置管理","upmenuid":"1647","menuurl":";;","usermenu":[{"menuid":1650,"menutype":"MENU","formtarget":"LC040F","menuname":"操作提示设置","upmenuid":"1648","menuurl":";Spos3_InfoMCtrl;Index;,modeltype=3","usermenu":[]},{"menuid":1651,"menutype":"MENU","formtarget":"LC040F","menuname":"功能提示设置","upmenuid":"1648","menuurl":";Spos3_InfoMCtrl;Index;,modeltype=2","usermenu":[]},{"menuid":1652,"menutype":"MENU","formtarget":"LC040F","menuname":"错误提示设置","upmenuid":"1648","menuurl":";Spos3_InfoMCtrl;Index;,modeltype=1","usermenu":[]},{"menuid":1653,"menutype":"MENU","formtarget":"LC040F","menuname":"打印信息设置","upmenuid":"1648","menuurl":";Spos3_InfoMCtrl;Index;,modeltype=4","usermenu":[]},{"menuid":1654,"menutype":"MENU","formtarget":"LC0407","menuname":"打印数据设置","upmenuid":"1648","menuurl":";Spos3_PrintdataMCtrl;","usermenu":[]},{"menuid":1655,"menutype":"MENU","formtarget":"LC0409","menuname":"指令设置","upmenuid":"1648","menuurl":";Spos3_CommandCtrl;","usermenu":[]},{"menuid":1656,"menutype":"MENU","formtarget":"LC0410","menuname":"打印指令设置","upmenuid":"1648","menuurl":";Spos3_PrintCommandCtrl;","usermenu":[]},{"menuid":1657,"menutype":"MENU","formtarget":"LC0411","menuname":"操作提示池","upmenuid":"1648","menuurl":";Spos3_OperTipPoolCtrl;","usermenu":[]},{"menuid":1658,"menutype":"MENU","formtarget":"LC0412","menuname":"错误提示池","upmenuid":"1648","menuurl":";Spos3_ErrTipPoolCtrl;","usermenu":[]},{"menuid":1659,"menutype":"MENU","formtarget":"LC0413","menuname":"功能提示池","upmenuid":"1648","menuurl":";Spos3_FunTipPoolCtrl;","usermenu":[]},{"menuid":1660,"menutype":"MENU","formtarget":"LC0414","menuname":"打印信息池","upmenuid":"1648","menuurl":";Spos3_PrintInfoPoolCtrl;","usermenu":[]},{"menuid":1661,"menutype":"MENU","formtarget":"LC0401","menuname":"菜单模板配置","upmenuid":"1648","menuurl":";Spos3_MenuinfoMCtrl;","usermenu":[]},{"menuid":1662,"menutype":"MENU","formtarget":"LC0402","menuname":"菜单模板池配置","upmenuid":"1648","menuurl":";Spos3_TemplateMCtrl;","usermenu":[]}]},{"menuid":1649,"menutype":"CATA","formtarget":"LC05","menuname":"POS管理","upmenuid":"1647","menuurl":";;","usermenu":[{"menuid":1663,"menutype":"MENU","formtarget":"LC0501","menuname":"POS模型设置","upmenuid":"1649","menuurl":";Spos3_PosmodelCtrl;","usermenu":[]},{"menuid":1664,"menutype":"MENU","formtarget":"LC0502","menuname":"终端绑定设置","upmenuid":"1649","menuurl":";Spos3_PosinfoCtrl;","usermenu":[]}]}]},{"menuid":1665,"menutype":"CATA","formtarget":"LC","menuname":"监控管理中心","upmenuid":"1600","menuurl":";;","usermenu":[{"menuid":1666,"menutype":"CATA","formtarget":"LC01","menuname":"监控配置管理","upmenuid":"1665","menuurl":null,"usermenu":[{"menuid":1670,"menutype":"MENU","formtarget":"LC0101","menuname":"运维成员管理","upmenuid":"1666","menuurl":";Mnt_MsgToCtrl;","usermenu":[]},{"menuid":1669,"menutype":"MENU","formtarget":"LC0103","menuname":"代理资源映射管理","upmenuid":"1666","menuurl":";Mnt_AgentResMapAdmCtrl;","usermenu":[]},{"menuid":1667,"menutype":"MENU","formtarget":"LC0105","menuname":"监控对象配置","upmenuid":"1666","menuurl":";Mnt_ElementCtrl;","usermenu":[]},{"menuid":1668,"menutype":"MENU","formtarget":"LC0106","menuname":"元素开启关闭监控","upmenuid":"1666","menuurl":";Mnt_AppConfCtrl;","usermenu":[]},{"menuid":1671,"menutype":"CATA","formtarget":"LC0107","menuname":"添加监控元素","upmenuid":"1666","menuurl":";Mnt_ElementAddCtrl;","usermenu":[]},{"menuid":1672,"menutype":"CATA","formtarget":"LC0108","menuname":"服务绑定元素","upmenuid":"1666","menuurl":";Mnt_ServElemCtrl;","usermenu":[]}]}]},{"menuid":1673,"menutype":"CATA","formtarget":"S1","menuname":"服务管制","upmenuid":"1600","menuurl":";;","usermenu":[{"menuid":1674,"menutype":"CATA","formtarget":"S1","menuname":"资源中心","upmenuid":"1673","menuurl":";;","usermenu":[{"menuid":1680,"menutype":"CATA","formtarget":"S11","menuname":"机器资源","upmenuid":"1674","menuurl":";;","usermenu":[{"menuid":1684,"menutype":"MENU","formtarget":"S1100","menuname":"服务器管理","upmenuid":"1680","menuurl":";Serv_SerMachineCtrl;","usermenu":[]},{"menuid":1687,"menutype":"MENU","formtarget":"S1101","menuname":"机器类型/型号管理","upmenuid":"1680","menuurl":";Serv_SerTypeCtrl;","usermenu":[]},{"menuid":1686,"menutype":"MENU","formtarget":"S1102","menuname":"地域管理","upmenuid":"1680","menuurl":";Serv_SerAreaCtrl;","usermenu":[]},{"menuid":1685,"menutype":"MENU","formtarget":"S1103","menuname":"分区管理","upmenuid":"1680","menuurl":";Serv_PartitionCtrl;","usermenu":[]}]},{"menuid":1681,"menutype":"CATA","formtarget":"S12","menuname":"产品资源","upmenuid":"1674","menuurl":";;","usermenu":[{"menuid":1688,"menutype":"MENU","formtarget":"S12001","menuname":"产品管理","upmenuid":"1681","menuurl":";Serv_SerProductCtrl;","usermenu":[]}]}]},{"menuid":1675,"menutype":"CATA","formtarget":"S2","menuname":"仓库中心","upmenuid":"1673","menuurl":";;","usermenu":[{"menuid":1682,"menutype":"CATA","formtarget":"S21","menuname":"SVN库","upmenuid":"1675","menuurl":";;","usermenu":[{"menuid":1689,"menutype":"MENU","formtarget":"S2100","menuname":"SVN服务列表","upmenuid":"1682","menuurl":";Serv_SVNServerCtrl;","usermenu":[]},{"menuid":1690,"menutype":"MENU","formtarget":"S2101","menuname":"TAG版本列表","upmenuid":"1682","menuurl":";Serv_TagCtrl;","usermenu":[]}]},{"menuid":1683,"menutype":"CATA","formtarget":"S22","menuname":"实体仓库","upmenuid":"1675","menuurl":";;","usermenu":[{"menuid":1691,"menutype":"MENU","formtarget":"S2200","menuname":"实体库管理","upmenuid":"1683","menuurl":";Serv_ServerDataCtrl;","usermenu":[]},{"menuid":1692,"menutype":"MENU","formtarget":"S2201","menuname":"配置库管理","upmenuid":"1683","menuurl":";Serv_ConMetaCtrl;","usermenu":[]}]}]},{"menuid":1676,"menutype":"CATA","formtarget":"S3","menuname":"部署中心","upmenuid":"1673","menuurl":";;","usermenu":[{"menuid":1693,"menutype":"MENU","formtarget":"S31","menuname":"部署模块管理","upmenuid":"1676","menuurl":";Serv_PuppetModuleCtrl;","usermenu":[]},{"menuid":1694,"menutype":"MENU","formtarget":"S32","menuname":"服务控制模块管理","upmenuid":"1676","menuurl":";Serv_SerShellCtrl;","usermenu":[]}]},{"menuid":1677,"menutype":"CATA","formtarget":"S4","menuname":"作业中心","upmenuid":"1673","menuurl":";;","usermenu":[{"menuid":1695,"menutype":"MENU","formtarget":"S41","menuname":"作业计划管理","upmenuid":"1677","menuurl":";Serv_CronCtrl;","usermenu":[]},{"menuid":1696,"menutype":"MENU","formtarget":"S42","menuname":"服务实例添加","upmenuid":"1677","menuurl":";Serv_SerInstanceCtrl;","usermenu":[]},{"menuid":1697,"menutype":"MENU","formtarget":"S43","menuname":"作业历史管理","upmenuid":"1677","menuurl":";Serv_DispatchMonCtrl;","usermenu":[]}]},{"menuid":1678,"menutype":"CATA","formtarget":"S5","menuname":"配置中心","upmenuid":"1673","menuurl":";;","usermenu":[{"menuid":1698,"menutype":"MENU","formtarget":"S50","menuname":"配置模板管理","upmenuid":"1678","menuurl":";Serv_ConTemplateCtrl;","usermenu":[]},{"menuid":1699,"menutype":"MENU","formtarget":"S51","menuname":"配置实例设置","upmenuid":"1678","menuurl":";Serv_TempInstanceCtrl;","usermenu":[]}]},{"menuid":1679,"menutype":"CATA","formtarget":"S6","menuname":"注册中心","upmenuid":"1673","menuurl":";;","usermenu":[{"menuid":1700,"menutype":"MENU","formtarget":"S43","menuname":"注册信息管理","upmenuid":"1679","menuurl":";Serv_SerMembersCtrl;","usermenu":[]}]}]}]}],"count":-1,"rtn":"OK"}